
[1AConfiguration on demand is an incubating feature.

[1A[1m<[0;1m-------------> 0% CONFIGURING [95ms][m[37D[1B
[2A[1m<[0;1m-------------> 7% CONFIGURING [192ms][m[38D[1B[1m> Building buildSrc[m[19D[1B[2A[1m<[0;1m-------------> 7% CONFIGURING [292ms][m[38D[1B[1m> root project[m[0K[14D[1B[2A[1m<[0;32;1m===[0;39;1m----------> 28% CONFIGURING [392ms][m[39D[1B[1m> :deobfuscator > Resolve dependencies of :deobfuscator:classpath[m[65D[1B[2A[0K
[1m> Configure project :deobfuscator[m[0K
Adding a Configuration as a dependency is a confusing behavior which isn't recommended. This behaviour has been deprecated and is scheduled to be removed in Gradle 8.0. If you're interested in inheriting the dependencies from the Configuration you are adding, you should use Configuration#extendsFrom instead. See https://docs.gradle.org/7.3.3/dsl/org.gradle.api.artifacts.Configuration.html#org.gradle.api.artifacts.Configuration:extendsFrom(org.gradle.api.artifacts.Configuration[]) for more details.
        at Deobfuscator_gradle$1.invoke(deobfuscator.gradle.kts:54)
        (Run with --stacktrace to get the full stack trace of this deprecation warning.)
[0K
[0K
[2A[1m<[0;32;1m=============[0;39;1m> 100% CONFIGURING [492ms][m[40D[1B> IDLE[6D[1B[2A[1m<[0;32;1m=========[0;39;1m----> 76% EXECUTING [592ms][m[0K[37D[1B[1m> :deobfuscator:compileJava[m[27D[1B[2A[1m<[0;32;1m============[0;39;1m-> 95% EXECUTING [692ms][m[37D[1B[1m> :deobfuscator:UpdateMappings$main()[m[37D[1B[2A[1m<[0;32;1m============[0;39;1m-> 95% EXECUTING [792ms][m[37D[2B[2A[1m<[0;32;1m============[0;39;1m-> 95% EXECUTING [892ms][m[37D[2B[2A[1m<[0;32;1m============[0;39;1m-> 95% EXECUTING [992ms][m[37D[2B[2A[1m<[0;32;1m============[0;39;1m-> 95% EXECUTING [1s][m[0K[34D[2B[2A[1m<[0;32;1m============[0;39;1m-> 95% EXECUTING [2s][m[34D[2B[2A[0K
[1m> Task :deobfuscator:UpdateMappings$main()[m[0K
Execution optimizations have been disabled for task ':deobfuscator:UpdateMappings$main()' to ensure correctness due to the following reasons:
  - Gradle detected a problem with the following location: '/home/runner/work/SanLite/SanLite/deobfuscator/build/resources/main'. Reason: Task ':deobfuscator:UpdateMappings$main()' uses this output of task ':deobfuscator:filterResources' without declaring an explicit or implicit dependency. This can lead to incorrect results being produced, depending on what order the tasks are executed. Please refer to https://docs.gradle.org/7.3.3/userguide/validation_problems.html#implicit_dependency for more details about this problem.
Gradle detected a problem with the following location: '/home/runner/work/SanLite/SanLite/deobfuscator/build/resources/main'. Reason: Task ':deobfuscator:UpdateMappings$main()' uses this output of task ':deobfuscator:filterResources' without declaring an explicit or implicit dependency. This can lead to incorrect results being produced, depending on what order the tasks are executed. Please refer to https://docs.gradle.org/7.3.3/userguide/validation_problems.html#implicit_dependency for more details about this problem. This behaviour has been deprecated and is scheduled to be removed in Gradle 8.0. Execution optimizations are disabled to ensure correctness. See https://docs.gradle.org/7.3.3/userguide/more_about_tasks.html#sec:up_to_date_checks for more details.
Updating mappings from: ../runescape-client/build/libs/runescape-client-1.20.33.jar for deobfuscated gamepack: ../gamepack/deob.jar
[0K
[0K
[2A[1m<[0;32;1m============[0;39;1m-> 95% EXECUTING [2s][m[34D[1B[1m> :deobfuscator:UpdateMappings$main()[m[37D[1B[2A[1m<[0;32;1m============[0;39;1m-> 95% EXECUTING [3s][m[34D[2B[2A[1m<[0;32;1m============[0;39;1m-> 95% EXECUTING [4s][m[34D[2B[2A[1m<[0;32;1m============[0;39;1m-> 95% EXECUTING [5s][m[34D[2B[2A[1m<[0;32;1m============[0;39;1m-> 95% EXECUTING [6s][m[34D[2B[2A[1m<[0;32;1m============[0;39;1m-> 95% EXECUTING [7s][m[34D[2B[2A[1m<[0;32;1m============[0;39;1m-> 95% EXECUTING [8s][m[34D[2B[2A[1m<[0;32;1m============[0;39;1m-> 95% EXECUTING [9s][m[34D[2B[2A[1m<[0;32;1m============[0;39;1m-> 95% EXECUTING [10s][m[35D[2B[2A[1m<[0;32;1m============[0;39;1m-> 95% EXECUTING [11s][m[35D[2B[2A[1m<[0;32;1m============[0;39;1m-> 95% EXECUTING [12s][m[35D[2B[2A[1m<[0;32;1m============[0;39;1m-> 95% EXECUTING [13s][m[35D[2B[2A[1m<[0;32;1m============[0;39;1m-> 95% EXECUTING [14s][m[35D[2B[2A[1m<[0;32;1m============[0;39;1m-> 95% EXECUTING [15s][m[35D[2B[2A[1m<[0;32;1m============[0;39;1m-> 95% EXECUTING [16s][m[35D[2B[2A[1m<[0;32;1m============[0;39;1m-> 95% EXECUTING [17s][m[35D[2B[2A[1m<[0;32;1m============[0;39;1m-> 95% EXECUTING [18s][m[35D[2B[2A[1m<[0;32;1m============[0;39;1m-> 95% EXECUTING [19s][m[35D[2B[2A[1m<[0;32;1m============[0;39;1m-> 95% EXECUTING [20s][m[35D[2B[2A[1m<[0;32;1m============[0;39;1m-> 95% EXECUTING [21s][m[35D[2B[2A[1m<[0;32;1m============[0;39;1m-> 95% EXECUTING [22s][m[35D[2B[2A[1m<[0;32;1m============[0;39;1m-> 95% EXECUTING [23s][m[35D[2B[2A[1m<[0;32;1m============[0;39;1m-> 95% EXECUTING [24s][m[35D[2B[2A[1m<[0;32;1m============[0;39;1m-> 95% EXECUTING [25s][m[35D[2B[2A[1m<[0;32;1m============[0;39;1m-> 95% EXECUTING [26s][m[35D[2B[2A[1m<[0;32;1m============[0;39;1m-> 95% EXECUTING [27s][m[35D[2B[2A[1m<[0;32;1m============[0;39;1m-> 95% EXECUTING [28s][m[35D[2B[2A[1m<[0;32;1m============[0;39;1m-> 95% EXECUTING [29s][m[35D[2B[2A[1m<[0;32;1m============[0;39;1m-> 95% EXECUTING [30s][m[35D[2B[2A[1m<[0;32;1m============[0;39;1m-> 95% EXECUTING [31s][m[35D[2B[2A[1m<[0;32;1m============[0;39;1m-> 95% EXECUTING [32s][m[35D[2B[2A[1m<[0;32;1m============[0;39;1m-> 95% EXECUTING [33s][m[35D[2B[2A[1m<[0;32;1m============[0;39;1m-> 95% EXECUTING [34s][m[35D[2B[2A[1m<[0;32;1m============[0;39;1m-> 95% EXECUTING [35s][m[35D[2B[2ASaved updated gamepack at: ../gamepack/refactored.jar[0K
[1B[0K
[2A[1m<[0;32;1m============[0;39;1m-> 95% EXECUTING [35s][m[0K[35D[1B[1m> :deobfuscator:UpdateMappings$main()[m[37D[1B[2A[0K
Execution optimizations have been disabled for 1 invalid unit(s) of work during this build to ensure correctness.[0K
Please consult deprecation warnings for more details.

[32;1mBUILD SUCCESSFUL[0;39m in 36s
19 actionable tasks: 3 executed, 16 up-to-date
[0K
[0K
[2A[1m<[0;1m-------------> 0% WAITING[m[26D[1B[1m> :deobfuscator:UpdateMappings$main()[m[37D[1B[2A[2K[1B[2K[1A